<?xml version="1.0" encoding="UTF-8"?>
<robot generator="Rebot 6.1.1 (Python 3.12.1 on win32)" generated="20240626 15:37:34.934" rpa="false" schemaversion="4">
<suite id="s1" name="Tests" source="D:\Pandu\GITPandu\E_commerce_project_robotframework\tests">
<suite id="s1-s1" name="testDemo1" source="D:\Pandu\GITPandu\E_commerce_project_robotframework\tests\testDemo1.robot">
<test id="s1-s1-t1" name="Validate UnSuccesful Login" line="12">
<kw name="open the browser with the Mortgage payment url">
<kw name="Create Webdriver" library="SeleniumLibrary">
<arg>Chrome</arg>
<arg>executable_path=/Users/rahulshetty/Documents/chromedriver</arg>
<doc>Creates an instance of Selenium WebDriver.</doc>
<msg timestamp="20240626 15:37:29.731" level="INFO">Creating an instance of the Chrome WebDriver.</msg>
<msg timestamp="20240626 15:37:29.731" level="INFO">Cannot capture screenshot because no browser is open.</msg>
<msg timestamp="20240626 15:37:29.739" level="FAIL">TypeError: WebDriver.__init__() got an unexpected keyword argument 'executable_path'</msg>
<status status="FAIL" starttime="20240626 15:37:29.731" endtime="20240626 15:37:29.776"/>
</kw>
<kw name="Go To" library="SeleniumLibrary">
<arg>https://rahulshettyacademy.com/loginpagePractise/</arg>
<doc>Navigates the current browser window to the provided ``url``.</doc>
<status status="NOT RUN" starttime="20240626 15:37:29.776" endtime="20240626 15:37:29.776"/>
</kw>
<status status="FAIL" starttime="20240626 15:37:29.731" endtime="20240626 15:37:29.776"/>
</kw>
<kw name="Fill the login Form">
<status status="NOT RUN" starttime="20240626 15:37:29.776" endtime="20240626 15:37:29.776"/>
</kw>
<kw name="wait until it checks and display error message">
<status status="NOT RUN" starttime="20240626 15:37:29.776" endtime="20240626 15:37:29.776"/>
</kw>
<kw name="verify error message is correct">
<status status="NOT RUN" starttime="20240626 15:37:29.776" endtime="20240626 15:37:29.776"/>
</kw>
<kw name="Close Browser" library="SeleniumLibrary" type="TEARDOWN">
<doc>Closes the current browser.</doc>
<status status="PASS" starttime="20240626 15:37:29.776" endtime="20240626 15:37:29.776"/>
</kw>
<status status="FAIL" starttime="20240626 15:37:29.731" endtime="20240626 15:37:29.776">TypeError: WebDriver.__init__() got an unexpected keyword argument 'executable_path'</status>
</test>
<doc>To validate the Login form</doc>
<status status="FAIL" starttime="20240626 15:37:29.313" endtime="20240626 15:37:29.776"/>
</suite>
<suite id="s1-s2" name="testDemo2" source="D:\Pandu\GITPandu\E_commerce_project_robotframework\tests\testDemo2.robot">
<test id="s1-s2-t1" name="Validate UnSuccesful Login" line="16">
<kw name="open the browser with the Mortgage payment url" library="Generic" type="SETUP">
<kw name="Create Webdriver" library="SeleniumLibrary">
<arg>Chrome</arg>
<arg>executable_path=/Users/rahulshetty/Documents/chromedriver</arg>
<doc>Creates an instance of Selenium WebDriver.</doc>
<msg timestamp="20240626 15:37:29.745" level="INFO">Creating an instance of the Chrome WebDriver.</msg>
<msg timestamp="20240626 15:37:29.745" level="INFO">Cannot capture screenshot because no browser is open.</msg>
<msg timestamp="20240626 15:37:29.745" level="FAIL">TypeError: WebDriver.__init__() got an unexpected keyword argument 'executable_path'</msg>
<status status="FAIL" starttime="20240626 15:37:29.745" endtime="20240626 15:37:29.776"/>
</kw>
<kw name="Go To" library="SeleniumLibrary">
<arg>${url}</arg>
<doc>Navigates the current browser window to the provided ``url``.</doc>
<status status="NOT RUN" starttime="20240626 15:37:29.776" endtime="20240626 15:37:29.776"/>
</kw>
<status status="FAIL" starttime="20240626 15:37:29.745" endtime="20240626 15:37:29.776"/>
</kw>
<kw name="Close Browser session" library="Generic" type="TEARDOWN">
<kw name="Close Browser" library="SeleniumLibrary">
<doc>Closes the current browser.</doc>
<status status="PASS" starttime="20240626 15:37:29.776" endtime="20240626 15:37:29.776"/>
</kw>
<status status="PASS" starttime="20240626 15:37:29.776" endtime="20240626 15:37:29.776"/>
</kw>
<tag>SMOKE</tag>
<status status="FAIL" starttime="20240626 15:37:29.745" endtime="20240626 15:37:29.776">Setup failed:
TypeError: WebDriver.__init__() got an unexpected keyword argument 'executable_path'</status>
</test>
<test id="s1-s2-t2" name="Validate Cards display in the Shopping Page" line="22">
<kw name="open the browser with the Mortgage payment url" library="Generic" type="SETUP">
<kw name="Create Webdriver" library="SeleniumLibrary">
<arg>Chrome</arg>
<arg>executable_path=/Users/rahulshetty/Documents/chromedriver</arg>
<doc>Creates an instance of Selenium WebDriver.</doc>
<msg timestamp="20240626 15:37:29.776" level="INFO">Creating an instance of the Chrome WebDriver.</msg>
<msg timestamp="20240626 15:37:29.776" level="INFO">Cannot capture screenshot because no browser is open.</msg>
<msg timestamp="20240626 15:37:29.776" level="FAIL">TypeError: WebDriver.__init__() got an unexpected keyword argument 'executable_path'</msg>
<status status="FAIL" starttime="20240626 15:37:29.776" endtime="20240626 15:37:29.776"/>
</kw>
<kw name="Go To" library="SeleniumLibrary">
<arg>${url}</arg>
<doc>Navigates the current browser window to the provided ``url``.</doc>
<status status="NOT RUN" starttime="20240626 15:37:29.776" endtime="20240626 15:37:29.776"/>
</kw>
<status status="FAIL" starttime="20240626 15:37:29.776" endtime="20240626 15:37:29.776"/>
</kw>
<kw name="Close Browser session" library="Generic" type="TEARDOWN">
<kw name="Close Browser" library="SeleniumLibrary">
<doc>Closes the current browser.</doc>
<status status="PASS" starttime="20240626 15:37:29.776" endtime="20240626 15:37:29.776"/>
</kw>
<status status="PASS" starttime="20240626 15:37:29.776" endtime="20240626 15:37:29.776"/>
</kw>
<status status="FAIL" starttime="20240626 15:37:29.776" endtime="20240626 15:37:29.776">Setup failed:
TypeError: WebDriver.__init__() got an unexpected keyword argument 'executable_path'</status>
</test>
<test id="s1-s2-t3" name="Select the Form and navigate to Child window" line="29">
<kw name="open the browser with the Mortgage payment url" library="Generic" type="SETUP">
<kw name="Create Webdriver" library="SeleniumLibrary">
<arg>Chrome</arg>
<arg>executable_path=/Users/rahulshetty/Documents/chromedriver</arg>
<doc>Creates an instance of Selenium WebDriver.</doc>
<msg timestamp="20240626 15:37:29.776" level="INFO">Creating an instance of the Chrome WebDriver.</msg>
<msg timestamp="20240626 15:37:29.776" level="INFO">Cannot capture screenshot because no browser is open.</msg>
<msg timestamp="20240626 15:37:29.776" level="FAIL">TypeError: WebDriver.__init__() got an unexpected keyword argument 'executable_path'</msg>
<status status="FAIL" starttime="20240626 15:37:29.776" endtime="20240626 15:37:29.776"/>
</kw>
<kw name="Go To" library="SeleniumLibrary">
<arg>${url}</arg>
<doc>Navigates the current browser window to the provided ``url``.</doc>
<status status="NOT RUN" starttime="20240626 15:37:29.776" endtime="20240626 15:37:29.776"/>
</kw>
<status status="FAIL" starttime="20240626 15:37:29.776" endtime="20240626 15:37:29.776"/>
</kw>
<kw name="Close Browser session" library="Generic" type="TEARDOWN">
<kw name="Close Browser" library="SeleniumLibrary">
<doc>Closes the current browser.</doc>
<status status="PASS" starttime="20240626 15:37:29.792" endtime="20240626 15:37:29.792"/>
</kw>
<status status="PASS" starttime="20240626 15:37:29.776" endtime="20240626 15:37:29.792"/>
</kw>
<status status="FAIL" starttime="20240626 15:37:29.776" endtime="20240626 15:37:29.792">Setup failed:
TypeError: WebDriver.__init__() got an unexpected keyword argument 'executable_path'</status>
</test>
<doc>To validate the card titles in the page</doc>
<status status="FAIL" starttime="20240626 15:37:29.313" endtime="20240626 15:37:29.792"/>
</suite>
<suite id="s1-s3" name="testDemo3" source="D:\Pandu\GITPandu\E_commerce_project_robotframework\tests\testDemo3.robot">
<test id="s1-s3-t1" name="Validate Child window Functionality" line="17">
<kw name="open the browser with the Mortgage payment url" library="Generic" type="SETUP">
<kw name="Create Webdriver" library="SeleniumLibrary">
<arg>Chrome</arg>
<arg>executable_path=/Users/rahulshetty/Documents/chromedriver</arg>
<doc>Creates an instance of Selenium WebDriver.</doc>
<msg timestamp="20240626 15:37:31.088" level="INFO">Creating an instance of the Chrome WebDriver.</msg>
<msg timestamp="20240626 15:37:31.088" level="INFO">Cannot capture screenshot because no browser is open.</msg>
<msg timestamp="20240626 15:37:31.088" level="FAIL">TypeError: WebDriver.__init__() got an unexpected keyword argument 'executable_path'</msg>
<status status="FAIL" starttime="20240626 15:37:31.088" endtime="20240626 15:37:31.088"/>
</kw>
<kw name="Go To" library="SeleniumLibrary">
<arg>${url}</arg>
<doc>Navigates the current browser window to the provided ``url``.</doc>
<status status="NOT RUN" starttime="20240626 15:37:31.088" endtime="20240626 15:37:31.088"/>
</kw>
<status status="FAIL" starttime="20240626 15:37:31.088" endtime="20240626 15:37:31.088"/>
</kw>
<kw name="Close Browser" library="SeleniumLibrary" type="TEARDOWN">
<doc>Closes the current browser.</doc>
<status status="PASS" starttime="20240626 15:37:31.088" endtime="20240626 15:37:31.088"/>
</kw>
<tag>NEWFEATURE</tag>
<status status="FAIL" starttime="20240626 15:37:31.088" endtime="20240626 15:37:31.088">Setup failed:
TypeError: WebDriver.__init__() got an unexpected keyword argument 'executable_path'</status>
</test>
<doc>To validate child window functionality</doc>
<status status="FAIL" starttime="20240626 15:37:30.771" endtime="20240626 15:37:31.088"/>
</suite>
<suite id="s1-s4" name="testDemo4" source="D:\Pandu\GITPandu\E_commerce_project_robotframework\tests\testDemo4.robot">
<test id="s1-s4-t1" name="Invalid username" line="14">
<kw name="Validate UnSuccesful Login">
<arg>dsahed</arg>
<arg>learning</arg>
<kw name="open the browser with the Mortgage payment url">
<kw name="Create Webdriver" library="SeleniumLibrary">
<arg>Chrome</arg>
<arg>executable_path=/Users/rahulshetty/Documents/chromedriver</arg>
<doc>Creates an instance of Selenium WebDriver.</doc>
<msg timestamp="20240626 15:37:31.072" level="INFO">Creating an instance of the Chrome WebDriver.</msg>
<msg timestamp="20240626 15:37:31.072" level="INFO">Cannot capture screenshot because no browser is open.</msg>
<msg timestamp="20240626 15:37:31.072" level="FAIL">TypeError: WebDriver.__init__() got an unexpected keyword argument 'executable_path'</msg>
<status status="FAIL" starttime="20240626 15:37:31.056" endtime="20240626 15:37:31.072"/>
</kw>
<kw name="Go To" library="SeleniumLibrary">
<arg>https://rahulshettyacademy.com/loginpagePractise/</arg>
<doc>Navigates the current browser window to the provided ``url``.</doc>
<status status="NOT RUN" starttime="20240626 15:37:31.072" endtime="20240626 15:37:31.072"/>
</kw>
<status status="FAIL" starttime="20240626 15:37:31.056" endtime="20240626 15:37:31.072"/>
</kw>
<kw name="Fill the login Form">
<arg>${username}</arg>
<arg>${password}</arg>
<status status="NOT RUN" starttime="20240626 15:37:31.072" endtime="20240626 15:37:31.072"/>
</kw>
<kw name="wait until it checks and display error message">
<status status="NOT RUN" starttime="20240626 15:37:31.072" endtime="20240626 15:37:31.072"/>
</kw>
<kw name="verify error message is correct">
<status status="NOT RUN" starttime="20240626 15:37:31.072" endtime="20240626 15:37:31.072"/>
</kw>
<status status="FAIL" starttime="20240626 15:37:31.056" endtime="20240626 15:37:31.072"/>
</kw>
<kw name="Close Browser" library="SeleniumLibrary" type="TEARDOWN">
<doc>Closes the current browser.</doc>
<status status="PASS" starttime="20240626 15:37:31.072" endtime="20240626 15:37:31.072"/>
</kw>
<status status="FAIL" starttime="20240626 15:37:31.056" endtime="20240626 15:37:31.072">TypeError: WebDriver.__init__() got an unexpected keyword argument 'executable_path'</status>
</test>
<test id="s1-s4-t2" name="Invalid password" line="15">
<kw name="Validate UnSuccesful Login">
<arg>rahulshetty</arg>
<arg>ploudfg</arg>
<kw name="open the browser with the Mortgage payment url">
<kw name="Create Webdriver" library="SeleniumLibrary">
<arg>Chrome</arg>
<arg>executable_path=/Users/rahulshetty/Documents/chromedriver</arg>
<doc>Creates an instance of Selenium WebDriver.</doc>
<msg timestamp="20240626 15:37:31.072" level="INFO">Creating an instance of the Chrome WebDriver.</msg>
<msg timestamp="20240626 15:37:31.072" level="INFO">Cannot capture screenshot because no browser is open.</msg>
<msg timestamp="20240626 15:37:31.072" level="FAIL">TypeError: WebDriver.__init__() got an unexpected keyword argument 'executable_path'</msg>
<status status="FAIL" starttime="20240626 15:37:31.072" endtime="20240626 15:37:31.072"/>
</kw>
<kw name="Go To" library="SeleniumLibrary">
<arg>https://rahulshettyacademy.com/loginpagePractise/</arg>
<doc>Navigates the current browser window to the provided ``url``.</doc>
<status status="NOT RUN" starttime="20240626 15:37:31.072" endtime="20240626 15:37:31.072"/>
</kw>
<status status="FAIL" starttime="20240626 15:37:31.072" endtime="20240626 15:37:31.072"/>
</kw>
<kw name="Fill the login Form">
<arg>${username}</arg>
<arg>${password}</arg>
<status status="NOT RUN" starttime="20240626 15:37:31.072" endtime="20240626 15:37:31.072"/>
</kw>
<kw name="wait until it checks and display error message">
<status status="NOT RUN" starttime="20240626 15:37:31.072" endtime="20240626 15:37:31.072"/>
</kw>
<kw name="verify error message is correct">
<status status="NOT RUN" starttime="20240626 15:37:31.072" endtime="20240626 15:37:31.072"/>
</kw>
<status status="FAIL" starttime="20240626 15:37:31.072" endtime="20240626 15:37:31.072"/>
</kw>
<kw name="Close Browser" library="SeleniumLibrary" type="TEARDOWN">
<doc>Closes the current browser.</doc>
<status status="PASS" starttime="20240626 15:37:31.072" endtime="20240626 15:37:31.072"/>
</kw>
<status status="FAIL" starttime="20240626 15:37:31.072" endtime="20240626 15:37:31.072">TypeError: WebDriver.__init__() got an unexpected keyword argument 'executable_path'</status>
</test>
<test id="s1-s4-t3" name="special characters" line="16">
<kw name="Validate UnSuccesful Login">
<arg>@#$</arg>
<arg>learning</arg>
<kw name="open the browser with the Mortgage payment url">
<kw name="Create Webdriver" library="SeleniumLibrary">
<arg>Chrome</arg>
<arg>executable_path=/Users/rahulshetty/Documents/chromedriver</arg>
<doc>Creates an instance of Selenium WebDriver.</doc>
<msg timestamp="20240626 15:37:31.072" level="INFO">Creating an instance of the Chrome WebDriver.</msg>
<msg timestamp="20240626 15:37:31.072" level="INFO">Cannot capture screenshot because no browser is open.</msg>
<msg timestamp="20240626 15:37:31.072" level="FAIL">TypeError: WebDriver.__init__() got an unexpected keyword argument 'executable_path'</msg>
<status status="FAIL" starttime="20240626 15:37:31.072" endtime="20240626 15:37:31.072"/>
</kw>
<kw name="Go To" library="SeleniumLibrary">
<arg>https://rahulshettyacademy.com/loginpagePractise/</arg>
<doc>Navigates the current browser window to the provided ``url``.</doc>
<status status="NOT RUN" starttime="20240626 15:37:31.072" endtime="20240626 15:37:31.072"/>
</kw>
<status status="FAIL" starttime="20240626 15:37:31.072" endtime="20240626 15:37:31.072"/>
</kw>
<kw name="Fill the login Form">
<arg>${username}</arg>
<arg>${password}</arg>
<status status="NOT RUN" starttime="20240626 15:37:31.072" endtime="20240626 15:37:31.072"/>
</kw>
<kw name="wait until it checks and display error message">
<status status="NOT RUN" starttime="20240626 15:37:31.072" endtime="20240626 15:37:31.072"/>
</kw>
<kw name="verify error message is correct">
<status status="NOT RUN" starttime="20240626 15:37:31.072" endtime="20240626 15:37:31.072"/>
</kw>
<status status="FAIL" starttime="20240626 15:37:31.072" endtime="20240626 15:37:31.072"/>
</kw>
<kw name="Close Browser" library="SeleniumLibrary" type="TEARDOWN">
<doc>Closes the current browser.</doc>
<status status="PASS" starttime="20240626 15:37:31.072" endtime="20240626 15:37:31.072"/>
</kw>
<status status="FAIL" starttime="20240626 15:37:31.072" endtime="20240626 15:37:31.072">TypeError: WebDriver.__init__() got an unexpected keyword argument 'executable_path'</status>
</test>
<doc>parameterising data into testscript with multiple sets of data.
testing same functionality with multiple sets of data</doc>
<status status="FAIL" starttime="20240626 15:37:30.771" endtime="20240626 15:37:31.072"/>
</suite>
<suite id="s1-s5" name="testDemo5" source="D:\Pandu\GITPandu\E_commerce_project_robotframework\tests\testDemo5.robot">
<test id="s1-s5-t1" name="Invalid username,dsahed,learning" line="13">
<kw name="Validate UnSuccesful Login">
<msg timestamp="20240626 15:37:32.353" level="FAIL">Keyword 'Validate UnSuccesful Login' expected 2 arguments, got 0.</msg>
<status status="FAIL" starttime="20240626 15:37:32.353" endtime="20240626 15:37:32.353"/>
</kw>
<kw name="Close Browser" library="SeleniumLibrary" type="TEARDOWN">
<doc>Closes the current browser.</doc>
<status status="PASS" starttime="20240626 15:37:32.353" endtime="20240626 15:37:32.353"/>
</kw>
<status status="FAIL" starttime="20240626 15:37:32.353" endtime="20240626 15:37:32.353">Keyword 'Validate UnSuccesful Login' expected 2 arguments, got 0.</status>
</test>
<test id="s1-s5-t2" name="Invalid password,rahulshetty,ploudfg" line="13">
<kw name="Validate UnSuccesful Login">
<msg timestamp="20240626 15:37:32.353" level="FAIL">Keyword 'Validate UnSuccesful Login' expected 2 arguments, got 0.</msg>
<status status="FAIL" starttime="20240626 15:37:32.353" endtime="20240626 15:37:32.353"/>
</kw>
<kw name="Close Browser" library="SeleniumLibrary" type="TEARDOWN">
<doc>Closes the current browser.</doc>
<status status="PASS" starttime="20240626 15:37:32.353" endtime="20240626 15:37:32.353"/>
</kw>
<status status="FAIL" starttime="20240626 15:37:32.353" endtime="20240626 15:37:32.353">Keyword 'Validate UnSuccesful Login' expected 2 arguments, got 0.</status>
</test>
<test id="s1-s5-t3" name="special characters,@#$,learning" line="13">
<kw name="Validate UnSuccesful Login">
<msg timestamp="20240626 15:37:32.369" level="FAIL">Keyword 'Validate UnSuccesful Login' expected 2 arguments, got 0.</msg>
<status status="FAIL" starttime="20240626 15:37:32.353" endtime="20240626 15:37:32.369"/>
</kw>
<kw name="Close Browser" library="SeleniumLibrary" type="TEARDOWN">
<doc>Closes the current browser.</doc>
<status status="PASS" starttime="20240626 15:37:32.369" endtime="20240626 15:37:32.369"/>
</kw>
<status status="FAIL" starttime="20240626 15:37:32.353" endtime="20240626 15:37:32.369">Keyword 'Validate UnSuccesful Login' expected 2 arguments, got 0.</status>
</test>
<test id="s1-s5-t4" name=",1234, 4242" line="13">
<kw name="Validate UnSuccesful Login">
<msg timestamp="20240626 15:37:32.369" level="FAIL">Keyword 'Validate UnSuccesful Login' expected 2 arguments, got 0.</msg>
<status status="FAIL" starttime="20240626 15:37:32.369" endtime="20240626 15:37:32.369"/>
</kw>
<kw name="Close Browser" library="SeleniumLibrary" type="TEARDOWN">
<doc>Closes the current browser.</doc>
<status status="PASS" starttime="20240626 15:37:32.369" endtime="20240626 15:37:32.369"/>
</kw>
<status status="FAIL" starttime="20240626 15:37:32.369" endtime="20240626 15:37:32.369">Keyword 'Validate UnSuccesful Login' expected 2 arguments, got 0.</status>
</test>
<doc>DATA DRIVEN Testing To validate the Login form</doc>
<status status="FAIL" starttime="20240626 15:37:32.022" endtime="20240626 15:37:32.369"/>
</suite>
<suite id="s1-s6" name="testDemo6" source="D:\Pandu\GITPandu\E_commerce_project_robotframework\tests\testDemo6.robot">
<test id="s1-s6-t1" name="Validate UnSuccesful Login" line="23">
<kw name="open the browser with the url" library="Generic" type="SETUP">
<kw name="Create Webdriver" library="SeleniumLibrary">
<arg>${browser_name}</arg>
<arg>executable_path=resources/${browser_name}</arg>
<doc>Creates an instance of Selenium WebDriver.</doc>
<msg timestamp="20240626 15:37:32.353" level="INFO">Creating an instance of the Chrome WebDriver.</msg>
<msg timestamp="20240626 15:37:32.353" level="INFO">Cannot capture screenshot because no browser is open.</msg>
<msg timestamp="20240626 15:37:32.353" level="FAIL">TypeError: WebDriver.__init__() got an unexpected keyword argument 'executable_path'</msg>
<status status="FAIL" starttime="20240626 15:37:32.353" endtime="20240626 15:37:32.353"/>
</kw>
<kw name="Go To" library="SeleniumLibrary">
<arg>${url}</arg>
<doc>Navigates the current browser window to the provided ``url``.</doc>
<status status="NOT RUN" starttime="20240626 15:37:32.353" endtime="20240626 15:37:32.353"/>
</kw>
<status status="FAIL" starttime="20240626 15:37:32.353" endtime="20240626 15:37:32.353"/>
</kw>
<kw name="Close Browser session" library="Generic" type="TEARDOWN">
<kw name="Close Browser" library="SeleniumLibrary">
<doc>Closes the current browser.</doc>
<status status="PASS" starttime="20240626 15:37:32.353" endtime="20240626 15:37:32.353"/>
</kw>
<status status="PASS" starttime="20240626 15:37:32.353" endtime="20240626 15:37:32.353"/>
</kw>
<tag>REGRESSION</tag>
<tag>SMOKE</tag>
<status status="FAIL" starttime="20240626 15:37:32.353" endtime="20240626 15:37:32.353">Setup failed:
TypeError: WebDriver.__init__() got an unexpected keyword argument 'executable_path'</status>
</test>
<test id="s1-s6-t2" name="End to end ecommerce Product validation" line="31">
<kw name="open the browser with the url" library="Generic" type="SETUP">
<kw name="Create Webdriver" library="SeleniumLibrary">
<arg>${browser_name}</arg>
<arg>executable_path=resources/${browser_name}</arg>
<doc>Creates an instance of Selenium WebDriver.</doc>
<msg timestamp="20240626 15:37:32.353" level="INFO">Creating an instance of the Chrome WebDriver.</msg>
<msg timestamp="20240626 15:37:32.353" level="INFO">Cannot capture screenshot because no browser is open.</msg>
<msg timestamp="20240626 15:37:32.353" level="FAIL">TypeError: WebDriver.__init__() got an unexpected keyword argument 'executable_path'</msg>
<status status="FAIL" starttime="20240626 15:37:32.353" endtime="20240626 15:37:32.353"/>
</kw>
<kw name="Go To" library="SeleniumLibrary">
<arg>${url}</arg>
<doc>Navigates the current browser window to the provided ``url``.</doc>
<status status="NOT RUN" starttime="20240626 15:37:32.353" endtime="20240626 15:37:32.353"/>
</kw>
<status status="FAIL" starttime="20240626 15:37:32.353" endtime="20240626 15:37:32.353"/>
</kw>
<kw name="Close Browser session" library="Generic" type="TEARDOWN">
<kw name="Close Browser" library="SeleniumLibrary">
<doc>Closes the current browser.</doc>
<status status="PASS" starttime="20240626 15:37:32.353" endtime="20240626 15:37:32.353"/>
</kw>
<status status="PASS" starttime="20240626 15:37:32.353" endtime="20240626 15:37:32.353"/>
</kw>
<tag>REGRESSION</tag>
<status status="FAIL" starttime="20240626 15:37:32.353" endtime="20240626 15:37:32.353">Setup failed:
TypeError: WebDriver.__init__() got an unexpected keyword argument 'executable_path'</status>
</test>
<test id="s1-s6-t3" name="Select the Form and navigate to Child window" line="43">
<kw name="open the browser with the url" library="Generic" type="SETUP">
<kw name="Create Webdriver" library="SeleniumLibrary">
<arg>${browser_name}</arg>
<arg>executable_path=resources/${browser_name}</arg>
<doc>Creates an instance of Selenium WebDriver.</doc>
<msg timestamp="20240626 15:37:32.353" level="INFO">Creating an instance of the Chrome WebDriver.</msg>
<msg timestamp="20240626 15:37:32.353" level="INFO">Cannot capture screenshot because no browser is open.</msg>
<msg timestamp="20240626 15:37:32.353" level="FAIL">TypeError: WebDriver.__init__() got an unexpected keyword argument 'executable_path'</msg>
<status status="FAIL" starttime="20240626 15:37:32.353" endtime="20240626 15:37:32.353"/>
</kw>
<kw name="Go To" library="SeleniumLibrary">
<arg>${url}</arg>
<doc>Navigates the current browser window to the provided ``url``.</doc>
<status status="NOT RUN" starttime="20240626 15:37:32.353" endtime="20240626 15:37:32.353"/>
</kw>
<status status="FAIL" starttime="20240626 15:37:32.353" endtime="20240626 15:37:32.353"/>
</kw>
<kw name="Close Browser session" library="Generic" type="TEARDOWN">
<kw name="Close Browser" library="SeleniumLibrary">
<doc>Closes the current browser.</doc>
<status status="PASS" starttime="20240626 15:37:32.353" endtime="20240626 15:37:32.353"/>
</kw>
<status status="PASS" starttime="20240626 15:37:32.353" endtime="20240626 15:37:32.353"/>
</kw>
<status status="FAIL" starttime="20240626 15:37:32.353" endtime="20240626 15:37:32.353">Setup failed:
TypeError: WebDriver.__init__() got an unexpected keyword argument 'executable_path'</status>
</test>
<doc>custom library for addding multiple products into cart based on user choice</doc>
<status status="FAIL" starttime="20240626 15:37:32.022" endtime="20240626 15:37:32.353"/>
</suite>
<suite id="s1-s7" name="testDemo7" source="D:\Pandu\GITPandu\E_commerce_project_robotframework\tests\testDemo7.robot">
<test id="s1-s7-t1" name="Play around with Dictinoary" line="12">
<kw name="Create Dictionary" library="BuiltIn">
<var>&amp;{data}</var>
<arg>name=rahulshetty</arg>
<arg>course=robot</arg>
<arg>website=rahulshettyacademy.com</arg>
<doc>Creates and returns a dictionary based on the given ``items``.</doc>
<msg timestamp="20240626 15:37:33.958" level="INFO">&amp;{data} = { name=rahulshetty | course=robot | website=rahulshettyacademy.com }</msg>
<status status="PASS" starttime="20240626 15:37:33.958" endtime="20240626 15:37:33.958"/>
</kw>
<kw name="Log" library="BuiltIn">
<arg>${data}</arg>
<doc>Logs the given message with the given level.</doc>
<msg timestamp="20240626 15:37:33.958" level="INFO">{'name': 'rahulshetty', 'course': 'robot', 'website': 'rahulshettyacademy.com'}</msg>
<status status="PASS" starttime="20240626 15:37:33.958" endtime="20240626 15:37:33.958"/>
</kw>
<kw name="Dictionary Should Contain Key" library="Collections">
<arg>${data}</arg>
<arg>name</arg>
<doc>Fails if ``key`` is not found from ``dictionary``.</doc>
<status status="PASS" starttime="20240626 15:37:33.958" endtime="20240626 15:37:33.958"/>
</kw>
<kw name="Log" library="BuiltIn">
<arg>${data}[name]</arg>
<doc>Logs the given message with the given level.</doc>
<msg timestamp="20240626 15:37:33.958" level="INFO">rahulshetty</msg>
<status status="PASS" starttime="20240626 15:37:33.958" endtime="20240626 15:37:33.958"/>
</kw>
<kw name="Get From Dictionary" library="Collections">
<var>${url}</var>
<arg>${data}</arg>
<arg>website</arg>
<doc>Returns a value from the given ``dictionary`` based on the given ``key``.</doc>
<msg timestamp="20240626 15:37:33.958" level="INFO">${url} = rahulshettyacademy.com</msg>
<status status="PASS" starttime="20240626 15:37:33.958" endtime="20240626 15:37:33.958"/>
</kw>
<kw name="Log" library="BuiltIn">
<arg>${url}</arg>
<doc>Logs the given message with the given level.</doc>
<msg timestamp="20240626 15:37:33.958" level="INFO">rahulshettyacademy.com</msg>
<status status="PASS" starttime="20240626 15:37:33.958" endtime="20240626 15:37:33.958"/>
</kw>
<tag>API</tag>
<status status="PASS" starttime="20240626 15:37:33.958" endtime="20240626 15:37:33.958"/>
</test>
<test id="s1-s7-t2" name="Add Book into Library DataBase" line="22">
<kw name="Create Dictionary" library="BuiltIn">
<var>&amp;{req_body}</var>
<arg>name=${book_name}</arg>
<arg>isbn=947303</arg>
<arg>aisle=324534</arg>
<arg>author=rahulshetty</arg>
<doc>Creates and returns a dictionary based on the given ``items``.</doc>
<msg timestamp="20240626 15:37:33.958" level="INFO">&amp;{req_body} = { name=RobotFramework | isbn=947303 | aisle=324534 | author=rahulshetty }</msg>
<status status="PASS" starttime="20240626 15:37:33.958" endtime="20240626 15:37:33.973"/>
</kw>
<kw name="POST" library="RequestsLibrary">
<var>${response}</var>
<arg>${base_url}/Library/Addbook.php</arg>
<arg>json=${req_body}</arg>
<arg>expected_status=200</arg>
<doc>Sends a POST request.</doc>
<msg timestamp="20240626 15:37:34.090" level="INFO">POST Request : url=https://rahulshettyacademy.com/Library/Addbook.php 
 path_url=/Library/Addbook.php 
 headers={'User-Agent': 'python-requests/2.32.3', 'Accept-Encoding': 'gzip, deflate', 'Accept': '*/*', 'Connection': 'keep-alive', 'Content-Length': '88', 'Content-Type': 'application/json'} 
 body=b'{"name": "RobotFramework", "isbn": "947303", "aisle": "324534", "author": "rahulshetty"}' 
 </msg>
<msg timestamp="20240626 15:37:34.090" level="INFO">POST Response : url=https://rahulshettyacademy.com/Library/Addbook.php 
 status=200, reason=OK 
 headers={'Date': 'Wed, 26 Jun 2024 10:07:34 GMT', 'Server': 'Apache/2.4.52 (Ubuntu)', 'Access-Control-Allow-Origin': '*', 'Access-Control-Allow-Methods': 'POST', 'Access-Control-Max-Age': '3600', 'Access-Control-Allow-Headers': 'Content-Type, Access-Control-Allow-Headers, Authorization, X-Requested-With', 'Content-Length': '48', 'Keep-Alive': 'timeout=5, max=100', 'Connection': 'Keep-Alive', 'Content-Type': 'application/json;charset=UTF-8'} 
 body={"Msg":"successfully added","ID":"947303324534"} 
 </msg>
<msg timestamp="20240626 15:37:34.090" level="INFO">${response} = &lt;Response [200]&gt;</msg>
<status status="PASS" starttime="20240626 15:37:33.973" endtime="20240626 15:37:34.090"/>
</kw>
<kw name="Log" library="BuiltIn">
<arg>${response.json()}</arg>
<doc>Logs the given message with the given level.</doc>
<msg timestamp="20240626 15:37:34.105" level="INFO">{'Msg': 'successfully added', 'ID': '947303324534'}</msg>
<status status="PASS" starttime="20240626 15:37:34.105" endtime="20240626 15:37:34.105"/>
</kw>
<kw name="Dictionary Should Contain Key" library="Collections">
<arg>${response.json()}</arg>
<arg>ID</arg>
<doc>Fails if ``key`` is not found from ``dictionary``.</doc>
<status status="PASS" starttime="20240626 15:37:34.105" endtime="20240626 15:37:34.111"/>
</kw>
<kw name="Get From Dictionary" library="Collections">
<var>${book_id}</var>
<arg>${response.json()}</arg>
<arg>ID</arg>
<doc>Returns a value from the given ``dictionary`` based on the given ``key``.</doc>
<msg timestamp="20240626 15:37:34.111" level="INFO">${book_id} = 947303324534</msg>
<status status="PASS" starttime="20240626 15:37:34.111" endtime="20240626 15:37:34.111"/>
</kw>
<kw name="Set Global Variable" library="BuiltIn">
<arg>${book_id}</arg>
<doc>Makes a variable available globally in all tests and suites.</doc>
<msg timestamp="20240626 15:37:34.111" level="INFO">${book_id} = 947303324534</msg>
<status status="PASS" starttime="20240626 15:37:34.111" endtime="20240626 15:37:34.111"/>
</kw>
<kw name="Log" library="BuiltIn">
<arg>${book_id}</arg>
<doc>Logs the given message with the given level.</doc>
<msg timestamp="20240626 15:37:34.111" level="INFO">947303324534</msg>
<status status="PASS" starttime="20240626 15:37:34.111" endtime="20240626 15:37:34.111"/>
</kw>
<kw name="Should Be Equal As Strings" library="BuiltIn">
<arg>successfully added</arg>
<arg>${response.json()}[Msg]</arg>
<doc>Fails if objects are unequal after converting them to strings.</doc>
<status status="PASS" starttime="20240626 15:37:34.111" endtime="20240626 15:37:34.111"/>
</kw>
<kw name="Status Should Be" library="RequestsLibrary">
<arg>200</arg>
<arg>${response}</arg>
<doc>Fails if response status code is different than the expected.</doc>
<status status="PASS" starttime="20240626 15:37:34.111" endtime="20240626 15:37:34.111"/>
</kw>
<tag>API</tag>
<status status="PASS" starttime="20240626 15:37:33.958" endtime="20240626 15:37:34.127"/>
</test>
<test id="s1-s7-t3" name="Get the Book Details which got added" line="34">
<kw name="GET" library="RequestsLibrary">
<var>${get_response}</var>
<arg>${base_url}/Library/GetBook.php</arg>
<arg>params=ID=${book_id}</arg>
<arg>expected_status=200</arg>
<doc>Sends a GET request.</doc>
<msg timestamp="20240626 15:37:34.212" level="INFO">GET Request : url=https://rahulshettyacademy.com/Library/GetBook.php?ID=947303324534 
 path_url=/Library/GetBook.php?ID=947303324534 
 headers={'User-Agent': 'python-requests/2.32.3', 'Accept-Encoding': 'gzip, deflate', 'Accept': '*/*', 'Connection': 'keep-alive'} 
 body=None 
 </msg>
<msg timestamp="20240626 15:37:34.212" level="INFO">GET Response : url=https://rahulshettyacademy.com/Library/GetBook.php?ID=947303324534 
 status=200, reason=OK 
 headers={'Date': 'Wed, 26 Jun 2024 10:07:34 GMT', 'Server': 'Apache/2.4.52 (Ubuntu)', 'Access-Control-Allow-Origin': '*', 'Access-Control-Allow-Methods': 'POST', 'Access-Control-Max-Age': '3600', 'Access-Control-Allow-Headers': 'Content-Type, Access-Control-Allow-Headers, Authorization, X-Requested-With', 'Content-Length': '88', 'Keep-Alive': 'timeout=5, max=100', 'Connection': 'Keep-Alive', 'Content-Type': 'application/json;charset=UTF-8'} 
 body=[{"book_name":"RobotFramework","isbn":"947303","aisle":"324534","author":"rahulshetty"}] 
 </msg>
<msg timestamp="20240626 15:37:34.212" level="INFO">${get_response} = &lt;Response [200]&gt;</msg>
<status status="PASS" starttime="20240626 15:37:34.127" endtime="20240626 15:37:34.212"/>
</kw>
<kw name="Log" library="BuiltIn">
<arg>${get_response.json()}</arg>
<doc>Logs the given message with the given level.</doc>
<msg timestamp="20240626 15:37:34.212" level="INFO">[{'book_name': 'RobotFramework', 'isbn': '947303', 'aisle': '324534', 'author': 'rahulshetty'}]</msg>
<status status="PASS" starttime="20240626 15:37:34.212" endtime="20240626 15:37:34.212"/>
</kw>
<kw name="Should Be Equal As Strings" library="BuiltIn">
<arg>${book_name}</arg>
<arg>${get_response.json()}[0][book_name]</arg>
<doc>Fails if objects are unequal after converting them to strings.</doc>
<status status="PASS" starttime="20240626 15:37:34.212" endtime="20240626 15:37:34.228"/>
</kw>
<tag>API</tag>
<status status="PASS" starttime="20240626 15:37:34.127" endtime="20240626 15:37:34.228"/>
</test>
<test id="s1-s7-t4" name="Delete the Book from database" line="41">
<kw name="Create Dictionary" library="BuiltIn">
<var>&amp;{delete_req}</var>
<arg>ID=${book_id}</arg>
<doc>Creates and returns a dictionary based on the given ``items``.</doc>
<msg timestamp="20240626 15:37:34.228" level="INFO">&amp;{delete_req} = { ID=947303324534 }</msg>
<status status="PASS" starttime="20240626 15:37:34.228" endtime="20240626 15:37:34.228"/>
</kw>
<kw name="POST" library="RequestsLibrary">
<var>${delete_resp}</var>
<arg>${base_url}/Library/DeleteBook.php</arg>
<arg>json=${delete_req}</arg>
<arg>expected_status=200</arg>
<doc>Sends a POST request.</doc>
<msg timestamp="20240626 15:37:34.328" level="INFO">POST Request : url=https://rahulshettyacademy.com/Library/DeleteBook.php 
 path_url=/Library/DeleteBook.php 
 headers={'User-Agent': 'python-requests/2.32.3', 'Accept-Encoding': 'gzip, deflate', 'Accept': '*/*', 'Connection': 'keep-alive', 'Content-Length': '22', 'Content-Type': 'application/json'} 
 body=b'{"ID": "947303324534"}' 
 </msg>
<msg timestamp="20240626 15:37:34.328" level="INFO">POST Response : url=https://rahulshettyacademy.com/Library/DeleteBook.php 
 status=200, reason=OK 
 headers={'Date': 'Wed, 26 Jun 2024 10:07:34 GMT', 'Server': 'Apache/2.4.52 (Ubuntu)', 'Access-Control-Allow-Origin': '*', 'Access-Control-Allow-Methods': 'POST', 'Access-Control-Max-Age': '3600', 'Access-Control-Allow-Headers': 'Content-Type, Access-Control-Allow-Headers, Authorization, X-Requested-With', 'Content-Length': '38', 'Keep-Alive': 'timeout=5, max=100', 'Connection': 'Keep-Alive', 'Content-Type': 'application/json;charset=UTF-8'} 
 body={"msg":"book is successfully deleted"} 
 </msg>
<msg timestamp="20240626 15:37:34.328" level="INFO">${delete_resp} = &lt;Response [200]&gt;</msg>
<status status="PASS" starttime="20240626 15:37:34.228" endtime="20240626 15:37:34.328"/>
</kw>
<kw name="Log" library="BuiltIn">
<arg>${delete_resp.json()}</arg>
<doc>Logs the given message with the given level.</doc>
<msg timestamp="20240626 15:37:34.328" level="INFO">{'msg': 'book is successfully deleted'}</msg>
<status status="PASS" starttime="20240626 15:37:34.328" endtime="20240626 15:37:34.328"/>
</kw>
<kw name="Should Be Equal As Strings" library="BuiltIn">
<arg>book is successfully deleted</arg>
<arg>${delete_resp.json()}[msg]</arg>
<doc>Fails if objects are unequal after converting them to strings.</doc>
<status status="PASS" starttime="20240626 15:37:34.328" endtime="20240626 15:37:34.344"/>
</kw>
<tag>API</tag>
<status status="PASS" starttime="20240626 15:37:34.228" endtime="20240626 15:37:34.344"/>
</test>
<doc>API Testing</doc>
<status status="PASS" starttime="20240626 15:37:33.255" endtime="20240626 15:37:34.344"/>
</suite>
<doc>[https://pabot.org/?ref=log|Pabot] result from 7 executions.</doc>
<status status="FAIL" starttime="20240626 15:37:29.278" endtime="20240626 15:37:34.344"/>
</suite>
<statistics>
<total>
<stat pass="4" fail="15" skip="0">All Tests</stat>
</total>
<tag>
<stat pass="4" fail="0" skip="0">API</stat>
<stat pass="0" fail="1" skip="0">NEWFEATURE</stat>
<stat pass="0" fail="2" skip="0">REGRESSION</stat>
<stat pass="0" fail="2" skip="0">SMOKE</stat>
</tag>
<suite>
<stat pass="4" fail="15" skip="0" id="s1" name="Tests">Tests</stat>
<stat pass="0" fail="1" skip="0" id="s1-s1" name="testDemo1">Tests.testDemo1</stat>
<stat pass="0" fail="3" skip="0" id="s1-s2" name="testDemo2">Tests.testDemo2</stat>
<stat pass="0" fail="1" skip="0" id="s1-s3" name="testDemo3">Tests.testDemo3</stat>
<stat pass="0" fail="3" skip="0" id="s1-s4" name="testDemo4">Tests.testDemo4</stat>
<stat pass="0" fail="4" skip="0" id="s1-s5" name="testDemo5">Tests.testDemo5</stat>
<stat pass="0" fail="3" skip="0" id="s1-s6" name="testDemo6">Tests.testDemo6</stat>
<stat pass="4" fail="0" skip="0" id="s1-s7" name="testDemo7">Tests.testDemo7</stat>
</suite>
</statistics>
<errors>
</errors>
</robot>
