<?xml version="1.0" encoding="UTF-8"?>
<robot generator="Robot 6.1.1 (Python 3.12.1 on win32)" generated="20240627 13:41:32.678" rpa="false" schemaversion="4">
<suite id="s1" name="Color Validation" source="D:\Pandu\GITPandu\color_validation">
<suite id="s1-s1" name="Robot Color" source="D:\Pandu\GITPandu\color_validation\robot_color.robot">
<test id="s1-s1-t1" name="launching" line="11">
<kw name="Open Browser" library="SeleniumLibrary">
<arg>${url}</arg>
<arg>${browser}</arg>
<doc>Opens a new browser instance to the optional ``url``.</doc>
<msg timestamp="20240627 13:41:33.066" level="INFO">Opening browser 'chrome' to base url 'https://opensource-demo.orangehrmlive.com/web/index.php/auth/login'.</msg>
<status status="PASS" starttime="20240627 13:41:33.066" endtime="20240627 13:41:39.728"/>
</kw>
<kw name="Sleep" library="BuiltIn">
<arg>5s</arg>
<doc>Pauses the test executed for the given time.</doc>
<msg timestamp="20240627 13:41:44.736" level="INFO">Slept 5 seconds</msg>
<status status="PASS" starttime="20240627 13:41:39.735" endtime="20240627 13:41:44.736"/>
</kw>
<status status="PASS" starttime="20240627 13:41:33.066" endtime="20240627 13:41:44.736"/>
</test>
<test id="s1-s1-t2" name="element" line="14">
<kw name="Get WebElement" library="SeleniumLibrary">
<var>${element}</var>
<arg>//button[@type='submit']</arg>
<doc>Returns the first WebElement matching the given ``locator``.</doc>
<msg timestamp="20240627 13:41:44.798" level="INFO">${element} = &lt;selenium.webdriver.remote.webelement.WebElement (session="246406442eafed63996485737bd70a28", element="f.88C60FD0A7791E8F6251A1538274DFA1.d.811C30982E4DC692BD33DF269168C064.e.8")&gt;</msg>
<status status="PASS" starttime="20240627 13:41:44.749" endtime="20240627 13:41:44.798"/>
</kw>
<kw name="Set Global Variable" library="BuiltIn">
<arg>${element}</arg>
<doc>Makes a variable available globally in all tests and suites.</doc>
<msg timestamp="20240627 13:41:44.798" level="INFO">${element} = &lt;selenium.webdriver.remote.webelement.WebElement (session="246406442eafed63996485737bd70a28", element="f.88C60FD0A7791E8F6251A1538274DFA1.d.811C30982E4DC692BD33DF269168C064.e.8")&gt;</msg>
<status status="PASS" starttime="20240627 13:41:44.798" endtime="20240627 13:41:44.811"/>
</kw>
<status status="PASS" starttime="20240627 13:41:44.736" endtime="20240627 13:41:44.812"/>
</test>
<test id="s1-s1-t3" name="Verify Background Color" line="17">
<kw name="Color" library="test">
<var>${result}</var>
<arg>${element}</arg>
<msg timestamp="20240627 13:41:44.832" level="INFO">${result} = rgba(255, 123, 29, 1)</msg>
<status status="PASS" starttime="20240627 13:41:44.817" endtime="20240627 13:41:44.832"/>
</kw>
<kw name="Log" library="BuiltIn">
<arg>${result}</arg>
<doc>Logs the given message with the given level.</doc>
<msg timestamp="20240627 13:41:44.833" level="INFO">rgba(255, 123, 29, 1)</msg>
<status status="PASS" starttime="20240627 13:41:44.833" endtime="20240627 13:41:44.833"/>
</kw>
<kw name="Should Be Equal" library="BuiltIn">
<arg>${result}</arg>
<arg>${exp_color}</arg>
<doc>Fails if the given objects are unequal.</doc>
<msg timestamp="20240627 13:41:44.835" level="FAIL">rgba(255, 123, 29, 1) != rgba(29, 255, 247, 1)</msg>
<status status="FAIL" starttime="20240627 13:41:44.834" endtime="20240627 13:41:44.835"/>
</kw>
<status status="FAIL" starttime="20240627 13:41:44.816" endtime="20240627 13:41:44.836">rgba(255, 123, 29, 1) != rgba(29, 255, 247, 1)</status>
</test>
<status status="FAIL" starttime="20240627 13:41:32.710" endtime="20240627 13:41:44.839"/>
</suite>
<status status="FAIL" starttime="20240627 13:41:32.678" endtime="20240627 13:41:44.841"/>
</suite>
<statistics>
<total>
<stat pass="2" fail="1" skip="0">All Tests</stat>
</total>
<tag>
</tag>
<suite>
<stat pass="2" fail="1" skip="0" id="s1" name="Color Validation">Color Validation</stat>
<stat pass="2" fail="1" skip="0" id="s1-s1" name="Robot Color">Color Validation.Robot Color</stat>
</suite>
</statistics>
<errors>
</errors>
</robot>
